[Sun Sep 23 2018 11:00:22] 开始从开彩网采集开彩网重庆时时彩数据
[Sun Sep 23 2018 11:00:28] +++++++++++++++++++++++++++++++++++++++++++++++++++++++++++++++++++++++++++
[Sun Sep 23 2018 11:00:28] 提交从开彩网采集的开彩网重庆时时彩第undefined数据：undefined
[Sun Sep 23 2018 11:00:28] +++++++++++++++++++++++++++++++++++++++++++++++++++++++++++++++++++++++++++
[Sun Sep 23 2018 11:00:28] 提交从开彩网采集的开彩网重庆时时彩第undefined数据：undefined
[Sun Sep 23 2018 11:00:28] +++++++++++++++++++++++++++++++++++++++++++++++++++++++++++++++++++++++++++
[Sun Sep 23 2018 11:00:28] 提交从开彩网采集的开彩网重庆时时彩第undefined数据：undefined
[Sun Sep 23 2018 11:00:28] +++++++++++++++++++++++++++++++++++++++++++++++++++++++++++++++++++++++++++
[Sun Sep 23 2018 11:00:28] 提交从开彩网采集的开彩网重庆时时彩第undefined数据：undefined
[Sun Sep 23 2018 11:00:28] +++++++++++++++++++++++++++++++++++++++++++++++++++++++++++++++++++++++++++
[Sun Sep 23 2018 11:00:28] 提交从开彩网采集的开彩网重庆时时彩第undefined数据：undefined
[Sun Sep 23 2018 11:00:28] +++++++++++++++++++++++++++++++++++++++++++++++++++++++++++++++++++++++++++
[Sun Sep 23 2018 11:00:28] 提交从开彩网采集的开彩网重庆时时彩第undefined数据：undefined
[Sun Sep 23 2018 11:00:28] +++++++++++++++++++++++++++++++++++++++++++++++++++++++++++++++++++++++++++
[Sun Sep 23 2018 11:00:28] 提交从开彩网采集的开彩网重庆时时彩第undefined数据：undefined
[Sun Sep 23 2018 11:00:28] +++++++++++++++++++++++++++++++++++++++++++++++++++++++++++++++++++++++++++
[Sun Sep 23 2018 11:00:28] 提交从开彩网采集的开彩网重庆时时彩第undefined数据：undefined
[Sun Sep 23 2018 11:00:28] +++++++++++++++++++++++++++++++++++++++++++++++++++++++++++++++++++++++++++
[Sun Sep 23 2018 11:00:28] 提交从开彩网采集的开彩网重庆时时彩第undefined数据：undefined
[Sun Sep 23 2018 11:00:28] +++++++++++++++++++++++++++++++++++++++++++++++++++++++++++++++++++++++++++
[Sun Sep 23 2018 11:00:28] 提交从开彩网采集的开彩网重庆时时彩第undefined数据：undefined
[Sun Sep 23 2018 11:00:28] +++++++++++++++++++++++++++++++++++++++++++++++++++++++++++++++++++++++++++
[Sun Sep 23 2018 11:00:28] 提交从开彩网采集的开彩网重庆时时彩第undefined数据：undefined
[Sun Sep 23 2018 11:00:28] +++++++++++++++++++++++++++++++++++++++++++++++++++++++++++++++++++++++++++
[Sun Sep 23 2018 11:00:28] 提交从开彩网采集的开彩网重庆时时彩第undefined数据：undefined
[Sun Sep 23 2018 11:00:28] +++++++++++++++++++++++++++++++++++++++++++++++++++++++++++++++++++++++++++
[Sun Sep 23 2018 11:00:28] 提交从开彩网采集的开彩网重庆时时彩第undefined数据：undefined
[Sun Sep 23 2018 11:00:28] +++++++++++++++++++++++++++++++++++++++++++++++++++++++++++++++++++++++++++
[Sun Sep 23 2018 11:00:28] 提交从开彩网采集的开彩网重庆时时彩第undefined数据：undefined
[Sun Sep 23 2018 11:00:28] +++++++++++++++++++++++++++++++++++++++++++++++++++++++++++++++++++++++++++
[Sun Sep 23 2018 11:00:28] 提交从开彩网采集的开彩网重庆时时彩第undefined数据：undefined
[Sun Sep 23 2018 11:00:28] +++++++++++++++++++++++++++++++++++++++++++++++++++++++++++++++++++++++++++
[Sun Sep 23 2018 11:00:28] 提交从开彩网采集的开彩网重庆时时彩第undefined数据：undefined
[Sun Sep 23 2018 11:00:28] +++++++++++++++++++++++++++++++++++++++++++++++++++++++++++++++++++++++++++
[Sun Sep 23 2018 11:00:28] 提交从开彩网采集的开彩网重庆时时彩第undefined数据：undefined
[Sun Sep 23 2018 11:00:28] +++++++++++++++++++++++++++++++++++++++++++++++++++++++++++++++++++++++++++
[Sun Sep 23 2018 11:00:28] 提交从开彩网采集的开彩网重庆时时彩第undefined数据：undefined
[Sun Sep 23 2018 11:00:28] +++++++++++++++++++++++++++++++++++++++++++++++++++++++++++++++++++++++++++
[Sun Sep 23 2018 11:00:28] 提交从开彩网采集的开彩网重庆时时彩第undefined数据：undefined
[Sun Sep 23 2018 11:00:28] +++++++++++++++++++++++++++++++++++++++++++++++++++++++++++++++++++++++++++
[Sun Sep 23 2018 11:00:28] 提交从开彩网采集的开彩网重庆时时彩第undefined数据：undefined
[Sun Sep 23 2018 11:00:28] +++++++++++++++++++++++++++++++++++++++++++++++++++++++++++++++++++++++++++
[Sun Sep 23 2018 11:00:28] 提交从开彩网采集的开彩网重庆时时彩第undefined数据：undefined
[Sun Sep 23 2018 11:00:28] +++++++++++++++++++++++++++++++++++++++++++++++++++++++++++++++++++++++++++
[Sun Sep 23 2018 11:00:28] 提交从开彩网采集的开彩网重庆时时彩第undefined数据：undefined
[Sun Sep 23 2018 11:00:28] +++++++++++++++++++++++++++++++++++++++++++++++++++++++++++++++++++++++++++
[Sun Sep 23 2018 11:00:28] 提交从开彩网采集的开彩网重庆时时彩第undefined数据：undefined
[Sun Sep 23 2018 11:00:28] +++++++++++++++++++++++++++++++++++++++++++++++++++++++++++++++++++++++++++
[Sun Sep 23 2018 11:00:28] 提交从开彩网采集的开彩网重庆时时彩第undefined数据：undefined
[Sun Sep 23 2018 11:00:28] +++++++++++++++++++++++++++++++++++++++++++++++++++++++++++++++++++++++++++
[Sun Sep 23 2018 11:00:28] 提交从开彩网采集的开彩网重庆时时彩第undefined数据：undefined
[Sun Sep 23 2018 11:00:28] +++++++++++++++++++++++++++++++++++++++++++++++++++++++++++++++++++++++++++
[Sun Sep 23 2018 11:00:28] 提交从开彩网采集的开彩网重庆时时彩第undefined数据：undefined
[Sun Sep 23 2018 11:00:28] +++++++++++++++++++++++++++++++++++++++++++++++++++++++++++++++++++++++++++
[Sun Sep 23 2018 11:00:28] 提交从开彩网采集的开彩网重庆时时彩第undefined数据：undefined
[Sun Sep 23 2018 11:00:28] +++++++++++++++++++++++++++++++++++++++++++++++++++++++++++++++++++++++++++
[Sun Sep 23 2018 11:00:28] 提交从开彩网采集的开彩网重庆时时彩第undefined数据：undefined
[Sun Sep 23 2018 11:00:28] +++++++++++++++++++++++++++++++++++++++++++++++++++++++++++++++++++++++++++
[Sun Sep 23 2018 11:00:28] 提交从开彩网采集的开彩网重庆时时彩第undefined数据：undefined
[Sun Sep 23 2018 11:00:28] 运行出错：ER_DUP_ENTRY: Duplicate entry '1-20180923-029' for key 'type'
[Sun Sep 23 2018 11:00:28] 休眠15秒后从开彩网采集开彩网重庆时时彩数据...
[Sun Sep 23 2018 11:00:28] 运行出错：ER_DUP_ENTRY: Duplicate entry '1-20180923-028' for key 'type'
[Sun Sep 23 2018 11:00:28] 休眠15秒后从开彩网采集开彩网重庆时时彩数据...
[Sun Sep 23 2018 11:00:28] 运行出错：ER_DUP_ENTRY: Duplicate entry '1-20180923-027' for key 'type'
[Sun Sep 23 2018 11:00:28] 休眠15秒后从开彩网采集开彩网重庆时时彩数据...
[Sun Sep 23 2018 11:00:28] 运行出错：ER_DUP_ENTRY: Duplicate entry '1-20180923-026' for key 'type'
[Sun Sep 23 2018 11:00:28] 休眠15秒后从开彩网采集开彩网重庆时时彩数据...
[Sun Sep 23 2018 11:00:28] 运行出错：ER_DUP_ENTRY: Duplicate entry '1-20180923-025' for key 'type'
[Sun Sep 23 2018 11:00:28] 休眠15秒后从开彩网采集开彩网重庆时时彩数据...
[Sun Sep 23 2018 11:00:28] 运行出错：ER_DUP_ENTRY: Duplicate entry '1-20180923-024' for key 'type'
[Sun Sep 23 2018 11:00:28] 休眠15秒后从开彩网采集开彩网重庆时时彩数据...
[Sun Sep 23 2018 11:00:28] 运行出错：ER_DUP_ENTRY: Duplicate entry '1-20180923-023' for key 'type'
[Sun Sep 23 2018 11:00:28] 休眠15秒后从开彩网采集开彩网重庆时时彩数据...
[Sun Sep 23 2018 11:00:28] 运行出错：ER_DUP_ENTRY: Duplicate entry '1-20180923-022' for key 'type'
[Sun Sep 23 2018 11:00:28] 休眠15秒后从开彩网采集开彩网重庆时时彩数据...
[Sun Sep 23 2018 11:00:28] 运行出错：ER_DUP_ENTRY: Duplicate entry '1-20180923-021' for key 'type'
[Sun Sep 23 2018 11:00:28] 休眠15秒后从开彩网采集开彩网重庆时时彩数据...
[Sun Sep 23 2018 11:00:28] 运行出错：ER_DUP_ENTRY: Duplicate entry '1-20180923-020' for key 'type'
[Sun Sep 23 2018 11:00:28] 休眠15秒后从开彩网采集开彩网重庆时时彩数据...
[Sun Sep 23 2018 11:00:28] 运行出错：ER_DUP_ENTRY: Duplicate entry '1-20180923-019' for key 'type'
[Sun Sep 23 2018 11:00:28] 休眠15秒后从开彩网采集开彩网重庆时时彩数据...
[Sun Sep 23 2018 11:00:28] 运行出错：ER_DUP_ENTRY: Duplicate entry '1-20180923-018' for key 'type'
[Sun Sep 23 2018 11:00:28] 休眠15秒后从开彩网采集开彩网重庆时时彩数据...
[Sun Sep 23 2018 11:00:28] 运行出错：ER_DUP_ENTRY: Duplicate entry '1-20180923-017' for key 'type'
[Sun Sep 23 2018 11:00:28] 休眠15秒后从开彩网采集开彩网重庆时时彩数据...
[Sun Sep 23 2018 11:00:28] 运行出错：ER_DUP_ENTRY: Duplicate entry '1-20180923-016' for key 'type'
[Sun Sep 23 2018 11:00:28] 休眠15秒后从开彩网采集开彩网重庆时时彩数据...
[Sun Sep 23 2018 11:00:28] 运行出错：ER_DUP_ENTRY: Duplicate entry '1-20180923-015' for key 'type'
[Sun Sep 23 2018 11:00:28] 休眠15秒后从开彩网采集开彩网重庆时时彩数据...
[Sun Sep 23 2018 11:00:28] 运行出错：ER_DUP_ENTRY: Duplicate entry '1-20180923-014' for key 'type'
[Sun Sep 23 2018 11:00:28] 休眠15秒后从开彩网采集开彩网重庆时时彩数据...
[Sun Sep 23 2018 11:00:28] 运行出错：ER_DUP_ENTRY: Duplicate entry '1-20180923-013' for key 'type'
[Sun Sep 23 2018 11:00:28] 休眠15秒后从开彩网采集开彩网重庆时时彩数据...
[Sun Sep 23 2018 11:00:28] 运行出错：ER_DUP_ENTRY: Duplicate entry '1-20180923-012' for key 'type'
[Sun Sep 23 2018 11:00:28] 休眠15秒后从开彩网采集开彩网重庆时时彩数据...
[Sun Sep 23 2018 11:00:28] 运行出错：ER_DUP_ENTRY: Duplicate entry '1-20180923-011' for key 'type'
[Sun Sep 23 2018 11:00:28] 休眠15秒后从开彩网采集开彩网重庆时时彩数据...
[Sun Sep 23 2018 11:00:28] 运行出错：ER_DUP_ENTRY: Duplicate entry '1-20180923-010' for key 'type'
[Sun Sep 23 2018 11:00:28] 休眠15秒后从开彩网采集开彩网重庆时时彩数据...
[Sun Sep 23 2018 11:00:28] 运行出错：ER_DUP_ENTRY: Duplicate entry '1-20180923-009' for key 'type'
[Sun Sep 23 2018 11:00:28] 休眠15秒后从开彩网采集开彩网重庆时时彩数据...
[Sun Sep 23 2018 11:00:28] 运行出错：ER_DUP_ENTRY: Duplicate entry '1-20180923-008' for key 'type'
[Sun Sep 23 2018 11:00:28] 休眠15秒后从开彩网采集开彩网重庆时时彩数据...
[Sun Sep 23 2018 11:00:28] 运行出错：ER_DUP_ENTRY: Duplicate entry '1-20180923-007' for key 'type'
[Sun Sep 23 2018 11:00:28] 休眠15秒后从开彩网采集开彩网重庆时时彩数据...
[Sun Sep 23 2018 11:00:28] 运行出错：ER_DUP_ENTRY: Duplicate entry '1-20180923-006' for key 'type'
[Sun Sep 23 2018 11:00:28] 休眠15秒后从开彩网采集开彩网重庆时时彩数据...
[Sun Sep 23 2018 11:00:28] 运行出错：ER_DUP_ENTRY: Duplicate entry '1-20180923-005' for key 'type'
[Sun Sep 23 2018 11:00:28] 休眠15秒后从开彩网采集开彩网重庆时时彩数据...
[Sun Sep 23 2018 11:00:28] 运行出错：ER_DUP_ENTRY: Duplicate entry '1-20180923-004' for key 'type'
[Sun Sep 23 2018 11:00:28] 休眠15秒后从开彩网采集开彩网重庆时时彩数据...
[Sun Sep 23 2018 11:00:28] 运行出错：ER_DUP_ENTRY: Duplicate entry '1-20180923-003' for key 'type'
[Sun Sep 23 2018 11:00:28] 休眠15秒后从开彩网采集开彩网重庆时时彩数据...
[Sun Sep 23 2018 11:00:28] 运行出错：ER_DUP_ENTRY: Duplicate entry '1-20180923-002' for key 'type'
[Sun Sep 23 2018 11:00:28] 休眠15秒后从开彩网采集开彩网重庆时时彩数据...
[Sun Sep 23 2018 11:00:28] 运行出错：ER_DUP_ENTRY: Duplicate entry '1-20180923-001' for key 'type'
[Sun Sep 23 2018 11:00:28] 休眠15秒后从开彩网采集开彩网重庆时时彩数据...
[Sun Sep 23 2018 11:00:30] [object Object]
[Sun Sep 23 2018 11:00:43] 开始从开彩网采集开彩网重庆时时彩数据
[Sun Sep 23 2018 11:00:43] +++++++++++++++++++++++++++++++++++++++++++++++++++++++++++++++++++++++++++
[Sun Sep 23 2018 11:00:43] 提交从开彩网采集的开彩网重庆时时彩第undefined数据：undefined
[Sun Sep 23 2018 11:00:43] +++++++++++++++++++++++++++++++++++++++++++++++++++++++++++++++++++++++++++
[Sun Sep 23 2018 11:00:43] 提交从开彩网采集的开彩网重庆时时彩第undefined数据：undefined
[Sun Sep 23 2018 11:00:43] +++++++++++++++++++++++++++++++++++++++++++++++++++++++++++++++++++++++++++
[Sun Sep 23 2018 11:00:43] 提交从开彩网采集的开彩网重庆时时彩第undefined数据：undefined
[Sun Sep 23 2018 11:00:43] +++++++++++++++++++++++++++++++++++++++++++++++++++++++++++++++++++++++++++
[Sun Sep 23 2018 11:00:43] 提交从开彩网采集的开彩网重庆时时彩第undefined数据：undefined
[Sun Sep 23 2018 11:00:43] +++++++++++++++++++++++++++++++++++++++++++++++++++++++++++++++++++++++++++
[Sun Sep 23 2018 11:00:43] 提交从开彩网采集的开彩网重庆时时彩第undefined数据：undefined
[Sun Sep 23 2018 11:00:43] +++++++++++++++++++++++++++++++++++++++++++++++++++++++++++++++++++++++++++
[Sun Sep 23 2018 11:00:43] 提交从开彩网采集的开彩网重庆时时彩第undefined数据：undefined
[Sun Sep 23 2018 11:00:43] +++++++++++++++++++++++++++++++++++++++++++++++++++++++++++++++++++++++++++
[Sun Sep 23 2018 11:00:43] 提交从开彩网采集的开彩网重庆时时彩第undefined数据：undefined
[Sun Sep 23 2018 11:00:43] +++++++++++++++++++++++++++++++++++++++++++++++++++++++++++++++++++++++++++
[Sun Sep 23 2018 11:00:43] 提交从开彩网采集的开彩网重庆时时彩第undefined数据：undefined
[Sun Sep 23 2018 11:00:43] +++++++++++++++++++++++++++++++++++++++++++++++++++++++++++++++++++++++++++
[Sun Sep 23 2018 11:00:43] 提交从开彩网采集的开彩网重庆时时彩第undefined数据：undefined
[Sun Sep 23 2018 11:00:43] +++++++++++++++++++++++++++++++++++++++++++++++++++++++++++++++++++++++++++
[Sun Sep 23 2018 11:00:43] 提交从开彩网采集的开彩网重庆时时彩第undefined数据：undefined
[Sun Sep 23 2018 11:00:43] +++++++++++++++++++++++++++++++++++++++++++++++++++++++++++++++++++++++++++
[Sun Sep 23 2018 11:00:43] 提交从开彩网采集的开彩网重庆时时彩第undefined数据：undefined
[Sun Sep 23 2018 11:00:43] +++++++++++++++++++++++++++++++++++++++++++++++++++++++++++++++++++++++++++
[Sun Sep 23 2018 11:00:43] 提交从开彩网采集的开彩网重庆时时彩第undefined数据：undefined
[Sun Sep 23 2018 11:00:43] +++++++++++++++++++++++++++++++++++++++++++++++++++++++++++++++++++++++++++
[Sun Sep 23 2018 11:00:43] 提交从开彩网采集的开彩网重庆时时彩第undefined数据：undefined
[Sun Sep 23 2018 11:00:43] +++++++++++++++++++++++++++++++++++++++++++++++++++++++++++++++++++++++++++
[Sun Sep 23 2018 11:00:43] 提交从开彩网采集的开彩网重庆时时彩第undefined数据：undefined
[Sun Sep 23 2018 11:00:43] +++++++++++++++++++++++++++++++++++++++++++++++++++++++++++++++++++++++++++
[Sun Sep 23 2018 11:00:43] 提交从开彩网采集的开彩网重庆时时彩第undefined数据：undefined
[Sun Sep 23 2018 11:00:43] +++++++++++++++++++++++++++++++++++++++++++++++++++++++++++++++++++++++++++
[Sun Sep 23 2018 11:00:43] 提交从开彩网采集的开彩网重庆时时彩第undefined数据：undefined
[Sun Sep 23 2018 11:00:43] +++++++++++++++++++++++++++++++++++++++++++++++++++++++++++++++++++++++++++
[Sun Sep 23 2018 11:00:43] 提交从开彩网采集的开彩网重庆时时彩第undefined数据：undefined
[Sun Sep 23 2018 11:00:43] +++++++++++++++++++++++++++++++++++++++++++++++++++++++++++++++++++++++++++
[Sun Sep 23 2018 11:00:43] 提交从开彩网采集的开彩网重庆时时彩第undefined数据：undefined
[Sun Sep 23 2018 11:00:43] +++++++++++++++++++++++++++++++++++++++++++++++++++++++++++++++++++++++++++
[Sun Sep 23 2018 11:00:43] 提交从开彩网采集的开彩网重庆时时彩第undefined数据：undefined
[Sun Sep 23 2018 11:00:43] +++++++++++++++++++++++++++++++++++++++++++++++++++++++++++++++++++++++++++
[Sun Sep 23 2018 11:00:43] 提交从开彩网采集的开彩网重庆时时彩第undefined数据：undefined
[Sun Sep 23 2018 11:00:43] +++++++++++++++++++++++++++++++++++++++++++++++++++++++++++++++++++++++++++
[Sun Sep 23 2018 11:00:43] 提交从开彩网采集的开彩网重庆时时彩第undefined数据：undefined
[Sun Sep 23 2018 11:00:43] +++++++++++++++++++++++++++++++++++++++++++++++++++++++++++++++++++++++++++
[Sun Sep 23 2018 11:00:43] 提交从开彩网采集的开彩网重庆时时彩第undefined数据：undefined
[Sun Sep 23 2018 11:00:43] +++++++++++++++++++++++++++++++++++++++++++++++++++++++++++++++++++++++++++
[Sun Sep 23 2018 11:00:43] 提交从开彩网采集的开彩网重庆时时彩第undefined数据：undefined
[Sun Sep 23 2018 11:00:43] +++++++++++++++++++++++++++++++++++++++++++++++++++++++++++++++++++++++++++
[Sun Sep 23 2018 11:00:43] 提交从开彩网采集的开彩网重庆时时彩第undefined数据：undefined
[Sun Sep 23 2018 11:00:43] +++++++++++++++++++++++++++++++++++++++++++++++++++++++++++++++++++++++++++
[Sun Sep 23 2018 11:00:43] 提交从开彩网采集的开彩网重庆时时彩第undefined数据：undefined
[Sun Sep 23 2018 11:00:43] +++++++++++++++++++++++++++++++++++++++++++++++++++++++++++++++++++++++++++
[Sun Sep 23 2018 11:00:43] 提交从开彩网采集的开彩网重庆时时彩第undefined数据：undefined
[Sun Sep 23 2018 11:00:43] +++++++++++++++++++++++++++++++++++++++++++++++++++++++++++++++++++++++++++
[Sun Sep 23 2018 11:00:43] 提交从开彩网采集的开彩网重庆时时彩第undefined数据：undefined
[Sun Sep 23 2018 11:00:43] +++++++++++++++++++++++++++++++++++++++++++++++++++++++++++++++++++++++++++
[Sun Sep 23 2018 11:00:43] 提交从开彩网采集的开彩网重庆时时彩第undefined数据：undefined
[Sun Sep 23 2018 11:00:43] +++++++++++++++++++++++++++++++++++++++++++++++++++++++++++++++++++++++++++
[Sun Sep 23 2018 11:00:43] 提交从开彩网采集的开彩网重庆时时彩第undefined数据：undefined
[Sun Sep 23 2018 11:00:43] 运行出错：ER_DUP_ENTRY: Duplicate entry '1-20180923-029' for key 'type'
[Sun Sep 23 2018 11:00:43] 休眠15秒后从开彩网采集开彩网重庆时时彩数据...
[Sun Sep 23 2018 11:00:43] 运行出错：ER_DUP_ENTRY: Duplicate entry '1-20180923-028' for key 'type'
[Sun Sep 23 2018 11:00:43] 休眠15秒后从开彩网采集开彩网重庆时时彩数据...
[Sun Sep 23 2018 11:00:43] 运行出错：ER_DUP_ENTRY: Duplicate entry '1-20180923-027' for key 'type'
[Sun Sep 23 2018 11:00:43] 休眠15秒后从开彩网采集开彩网重庆时时彩数据...
[Sun Sep 23 2018 11:00:43] 运行出错：ER_DUP_ENTRY: Duplicate entry '1-20180923-026' for key 'type'
[Sun Sep 23 2018 11:00:43] 休眠15秒后从开彩网采集开彩网重庆时时彩数据...
[Sun Sep 23 2018 11:00:43] 运行出错：ER_DUP_ENTRY: Duplicate entry '1-20180923-025' for key 'type'
[Sun Sep 23 2018 11:00:43] 休眠15秒后从开彩网采集开彩网重庆时时彩数据...
[Sun Sep 23 2018 11:00:43] 运行出错：ER_DUP_ENTRY: Duplicate entry '1-20180923-024' for key 'type'
[Sun Sep 23 2018 11:00:43] 休眠15秒后从开彩网采集开彩网重庆时时彩数据...
[Sun Sep 23 2018 11:00:43] 运行出错：ER_DUP_ENTRY: Duplicate entry '1-20180923-023' for key 'type'
[Sun Sep 23 2018 11:00:43] 休眠15秒后从开彩网采集开彩网重庆时时彩数据...
[Sun Sep 23 2018 11:00:43] 运行出错：ER_DUP_ENTRY: Duplicate entry '1-20180923-022' for key 'type'
[Sun Sep 23 2018 11:00:43] 休眠15秒后从开彩网采集开彩网重庆时时彩数据...
[Sun Sep 23 2018 11:00:43] 运行出错：ER_DUP_ENTRY: Duplicate entry '1-20180923-021' for key 'type'
[Sun Sep 23 2018 11:00:43] 休眠15秒后从开彩网采集开彩网重庆时时彩数据...
[Sun Sep 23 2018 11:00:43] 运行出错：ER_DUP_ENTRY: Duplicate entry '1-20180923-020' for key 'type'
[Sun Sep 23 2018 11:00:43] 休眠15秒后从开彩网采集开彩网重庆时时彩数据...
[Sun Sep 23 2018 11:00:43] 运行出错：ER_DUP_ENTRY: Duplicate entry '1-20180923-019' for key 'type'
[Sun Sep 23 2018 11:00:43] 休眠15秒后从开彩网采集开彩网重庆时时彩数据...
[Sun Sep 23 2018 11:00:43] 运行出错：ER_DUP_ENTRY: Duplicate entry '1-20180923-018' for key 'type'
[Sun Sep 23 2018 11:00:43] 休眠15秒后从开彩网采集开彩网重庆时时彩数据...
[Sun Sep 23 2018 11:00:43] 运行出错：ER_DUP_ENTRY: Duplicate entry '1-20180923-017' for key 'type'
[Sun Sep 23 2018 11:00:43] 休眠15秒后从开彩网采集开彩网重庆时时彩数据...
[Sun Sep 23 2018 11:00:43] 运行出错：ER_DUP_ENTRY: Duplicate entry '1-20180923-016' for key 'type'
[Sun Sep 23 2018 11:00:43] 休眠15秒后从开彩网采集开彩网重庆时时彩数据...
[Sun Sep 23 2018 11:00:43] 运行出错：ER_DUP_ENTRY: Duplicate entry '1-20180923-015' for key 'type'
[Sun Sep 23 2018 11:00:43] 休眠15秒后从开彩网采集开彩网重庆时时彩数据...
[Sun Sep 23 2018 11:00:43] 运行出错：ER_DUP_ENTRY: Duplicate entry '1-20180923-014' for key 'type'
[Sun Sep 23 2018 11:00:43] 休眠15秒后从开彩网采集开彩网重庆时时彩数据...
[Sun Sep 23 2018 11:00:43] 运行出错：ER_DUP_ENTRY: Duplicate entry '1-20180923-013' for key 'type'
[Sun Sep 23 2018 11:00:43] 休眠15秒后从开彩网采集开彩网重庆时时彩数据...
[Sun Sep 23 2018 11:00:43] 运行出错：ER_DUP_ENTRY: Duplicate entry '1-20180923-012' for key 'type'
[Sun Sep 23 2018 11:00:43] 休眠15秒后从开彩网采集开彩网重庆时时彩数据...
[Sun Sep 23 2018 11:00:43] 运行出错：ER_DUP_ENTRY: Duplicate entry '1-20180923-011' for key 'type'
[Sun Sep 23 2018 11:00:43] 休眠15秒后从开彩网采集开彩网重庆时时彩数据...
[Sun Sep 23 2018 11:00:43] 运行出错：ER_DUP_ENTRY: Duplicate entry '1-20180923-010' for key 'type'
[Sun Sep 23 2018 11:00:43] 休眠15秒后从开彩网采集开彩网重庆时时彩数据...
[Sun Sep 23 2018 11:00:43] 运行出错：ER_DUP_ENTRY: Duplicate entry '1-20180923-009' for key 'type'
[Sun Sep 23 2018 11:00:43] 休眠15秒后从开彩网采集开彩网重庆时时彩数据...
[Sun Sep 23 2018 11:00:43] 运行出错：ER_DUP_ENTRY: Duplicate entry '1-20180923-008' for key 'type'
[Sun Sep 23 2018 11:00:43] 休眠15秒后从开彩网采集开彩网重庆时时彩数据...
[Sun Sep 23 2018 11:00:43] 运行出错：ER_DUP_ENTRY: Duplicate entry '1-20180923-007' for key 'type'
[Sun Sep 23 2018 11:00:43] 休眠15秒后从开彩网采集开彩网重庆时时彩数据...
[Sun Sep 23 2018 11:00:43] 运行出错：ER_DUP_ENTRY: Duplicate entry '1-20180923-006' for key 'type'
[Sun Sep 23 2018 11:00:43] 休眠15秒后从开彩网采集开彩网重庆时时彩数据...
[Sun Sep 23 2018 11:00:43] 运行出错：ER_DUP_ENTRY: Duplicate entry '1-20180923-005' for key 'type'
[Sun Sep 23 2018 11:00:43] 休眠15秒后从开彩网采集开彩网重庆时时彩数据...
[Sun Sep 23 2018 11:00:43] 运行出错：ER_DUP_ENTRY: Duplicate entry '1-20180923-004' for key 'type'
[Sun Sep 23 2018 11:00:43] 休眠15秒后从开彩网采集开彩网重庆时时彩数据...
[Sun Sep 23 2018 11:00:43] 运行出错：ER_DUP_ENTRY: Duplicate entry '1-20180923-003' for key 'type'
[Sun Sep 23 2018 11:00:43] 休眠15秒后从开彩网采集开彩网重庆时时彩数据...
[Sun Sep 23 2018 11:00:43] 运行出错：ER_DUP_ENTRY: Duplicate entry '1-20180923-002' for key 'type'
[Sun Sep 23 2018 11:00:43] 休眠15秒后从开彩网采集开彩网重庆时时彩数据...
[Sun Sep 23 2018 11:00:43] 运行出错：ER_DUP_ENTRY: Duplicate entry '1-20180923-001' for key 'type'
[Sun Sep 23 2018 11:00:43] 休眠15秒后从开彩网采集开彩网重庆时时彩数据...
[Sun Sep 23 2018 11:00:51] [object Object]
[Sun Sep 23 2018 11:00:58] 开始从开彩网采集开彩网重庆时时彩数据
[Sun Sep 23 2018 11:00:59] +++++++++++++++++++++++++++++++++++++++++++++++++++++++++++++++++++++++++++
[Sun Sep 23 2018 11:00:59] 提交从开彩网采集的开彩网重庆时时彩第undefined数据：undefined
[Sun Sep 23 2018 11:00:59] +++++++++++++++++++++++++++++++++++++++++++++++++++++++++++++++++++++++++++
[Sun Sep 23 2018 11:00:59] 提交从开彩网采集的开彩网重庆时时彩第undefined数据：undefined
[Sun Sep 23 2018 11:00:59] +++++++++++++++++++++++++++++++++++++++++++++++++++++++++++++++++++++++++++
[Sun Sep 23 2018 11:00:59] 提交从开彩网采集的开彩网重庆时时彩第undefined数据：undefined
[Sun Sep 23 2018 11:00:59] +++++++++++++++++++++++++++++++++++++++++++++++++++++++++++++++++++++++++++
[Sun Sep 23 2018 11:00:59] 提交从开彩网采集的开彩网重庆时时彩第undefined数据：undefined
[Sun Sep 23 2018 11:00:59] +++++++++++++++++++++++++++++++++++++++++++++++++++++++++++++++++++++++++++
[Sun Sep 23 2018 11:00:59] 提交从开彩网采集的开彩网重庆时时彩第undefined数据：undefined
[Sun Sep 23 2018 11:00:59] +++++++++++++++++++++++++++++++++++++++++++++++++++++++++++++++++++++++++++
[Sun Sep 23 2018 11:00:59] 提交从开彩网采集的开彩网重庆时时彩第undefined数据：undefined
[Sun Sep 23 2018 11:00:59] +++++++++++++++++++++++++++++++++++++++++++++++++++++++++++++++++++++++++++
[Sun Sep 23 2018 11:00:59] 提交从开彩网采集的开彩网重庆时时彩第undefined数据：undefined
[Sun Sep 23 2018 11:00:59] +++++++++++++++++++++++++++++++++++++++++++++++++++++++++++++++++++++++++++
[Sun Sep 23 2018 11:00:59] 提交从开彩网采集的开彩网重庆时时彩第undefined数据：undefined
[Sun Sep 23 2018 11:00:59] +++++++++++++++++++++++++++++++++++++++++++++++++++++++++++++++++++++++++++
[Sun Sep 23 2018 11:00:59] 提交从开彩网采集的开彩网重庆时时彩第undefined数据：undefined
[Sun Sep 23 2018 11:00:59] +++++++++++++++++++++++++++++++++++++++++++++++++++++++++++++++++++++++++++
[Sun Sep 23 2018 11:00:59] 提交从开彩网采集的开彩网重庆时时彩第undefined数据：undefined
[Sun Sep 23 2018 11:00:59] +++++++++++++++++++++++++++++++++++++++++++++++++++++++++++++++++++++++++++
[Sun Sep 23 2018 11:00:59] 提交从开彩网采集的开彩网重庆时时彩第undefined数据：undefined
[Sun Sep 23 2018 11:00:59] +++++++++++++++++++++++++++++++++++++++++++++++++++++++++++++++++++++++++++
[Sun Sep 23 2018 11:00:59] 提交从开彩网采集的开彩网重庆时时彩第undefined数据：undefined
[Sun Sep 23 2018 11:00:59] +++++++++++++++++++++++++++++++++++++++++++++++++++++++++++++++++++++++++++
[Sun Sep 23 2018 11:00:59] 提交从开彩网采集的开彩网重庆时时彩第undefined数据：undefined
[Sun Sep 23 2018 11:00:59] +++++++++++++++++++++++++++++++++++++++++++++++++++++++++++++++++++++++++++
[Sun Sep 23 2018 11:00:59] 提交从开彩网采集的开彩网重庆时时彩第undefined数据：undefined
[Sun Sep 23 2018 11:00:59] +++++++++++++++++++++++++++++++++++++++++++++++++++++++++++++++++++++++++++
[Sun Sep 23 2018 11:00:59] 提交从开彩网采集的开彩网重庆时时彩第undefined数据：undefined
[Sun Sep 23 2018 11:00:59] +++++++++++++++++++++++++++++++++++++++++++++++++++++++++++++++++++++++++++
[Sun Sep 23 2018 11:00:59] 提交从开彩网采集的开彩网重庆时时彩第undefined数据：undefined
[Sun Sep 23 2018 11:00:59] +++++++++++++++++++++++++++++++++++++++++++++++++++++++++++++++++++++++++++
[Sun Sep 23 2018 11:00:59] 提交从开彩网采集的开彩网重庆时时彩第undefined数据：undefined
[Sun Sep 23 2018 11:00:59] +++++++++++++++++++++++++++++++++++++++++++++++++++++++++++++++++++++++++++
[Sun Sep 23 2018 11:00:59] 提交从开彩网采集的开彩网重庆时时彩第undefined数据：undefined
[Sun Sep 23 2018 11:00:59] +++++++++++++++++++++++++++++++++++++++++++++++++++++++++++++++++++++++++++
[Sun Sep 23 2018 11:00:59] 提交从开彩网采集的开彩网重庆时时彩第undefined数据：undefined
[Sun Sep 23 2018 11:00:59] +++++++++++++++++++++++++++++++++++++++++++++++++++++++++++++++++++++++++++
[Sun Sep 23 2018 11:00:59] 提交从开彩网采集的开彩网重庆时时彩第undefined数据：undefined
[Sun Sep 23 2018 11:00:59] +++++++++++++++++++++++++++++++++++++++++++++++++++++++++++++++++++++++++++
[Sun Sep 23 2018 11:00:59] 提交从开彩网采集的开彩网重庆时时彩第undefined数据：undefined
[Sun Sep 23 2018 11:00:59] +++++++++++++++++++++++++++++++++++++++++++++++++++++++++++++++++++++++++++
[Sun Sep 23 2018 11:00:59] 提交从开彩网采集的开彩网重庆时时彩第undefined数据：undefined
[Sun Sep 23 2018 11:00:59] +++++++++++++++++++++++++++++++++++++++++++++++++++++++++++++++++++++++++++
[Sun Sep 23 2018 11:00:59] 提交从开彩网采集的开彩网重庆时时彩第undefined数据：undefined
[Sun Sep 23 2018 11:00:59] +++++++++++++++++++++++++++++++++++++++++++++++++++++++++++++++++++++++++++
[Sun Sep 23 2018 11:00:59] 提交从开彩网采集的开彩网重庆时时彩第undefined数据：undefined
[Sun Sep 23 2018 11:00:59] +++++++++++++++++++++++++++++++++++++++++++++++++++++++++++++++++++++++++++
[Sun Sep 23 2018 11:00:59] 提交从开彩网采集的开彩网重庆时时彩第undefined数据：undefined
[Sun Sep 23 2018 11:00:59] +++++++++++++++++++++++++++++++++++++++++++++++++++++++++++++++++++++++++++
[Sun Sep 23 2018 11:00:59] 提交从开彩网采集的开彩网重庆时时彩第undefined数据：undefined
[Sun Sep 23 2018 11:00:59] +++++++++++++++++++++++++++++++++++++++++++++++++++++++++++++++++++++++++++
[Sun Sep 23 2018 11:00:59] 提交从开彩网采集的开彩网重庆时时彩第undefined数据：undefined
[Sun Sep 23 2018 11:00:59] +++++++++++++++++++++++++++++++++++++++++++++++++++++++++++++++++++++++++++
[Sun Sep 23 2018 11:00:59] 提交从开彩网采集的开彩网重庆时时彩第undefined数据：undefined
[Sun Sep 23 2018 11:00:59] +++++++++++++++++++++++++++++++++++++++++++++++++++++++++++++++++++++++++++
[Sun Sep 23 2018 11:00:59] 提交从开彩网采集的开彩网重庆时时彩第undefined数据：undefined
[Sun Sep 23 2018 11:00:59] +++++++++++++++++++++++++++++++++++++++++++++++++++++++++++++++++++++++++++
[Sun Sep 23 2018 11:00:59] 提交从开彩网采集的开彩网重庆时时彩第undefined数据：undefined
[Sun Sep 23 2018 11:00:59] 解析下期数据出错：TypeError: Cannot read property 'substr' of undefined
[Sun Sep 23 2018 11:00:59] 休眠15秒后从开彩网采集开彩网重庆时时彩数据...
[Sun Sep 23 2018 11:00:59] 运行出错：ER_DUP_ENTRY: Duplicate entry '1-20180923-029' for key 'type'
[Sun Sep 23 2018 11:00:59] 休眠15秒后从开彩网采集开彩网重庆时时彩数据...
[Sun Sep 23 2018 11:00:59] 运行出错：ER_DUP_ENTRY: Duplicate entry '1-20180923-028' for key 'type'
[Sun Sep 23 2018 11:00:59] 休眠15秒后从开彩网采集开彩网重庆时时彩数据...
[Sun Sep 23 2018 11:00:59] 运行出错：ER_DUP_ENTRY: Duplicate entry '1-20180923-027' for key 'type'
[Sun Sep 23 2018 11:00:59] 休眠15秒后从开彩网采集开彩网重庆时时彩数据...
[Sun Sep 23 2018 11:00:59] 运行出错：ER_DUP_ENTRY: Duplicate entry '1-20180923-026' for key 'type'
[Sun Sep 23 2018 11:00:59] 休眠15秒后从开彩网采集开彩网重庆时时彩数据...
[Sun Sep 23 2018 11:00:59] 运行出错：ER_DUP_ENTRY: Duplicate entry '1-20180923-025' for key 'type'
[Sun Sep 23 2018 11:00:59] 休眠15秒后从开彩网采集开彩网重庆时时彩数据...
[Sun Sep 23 2018 11:00:59] 运行出错：ER_DUP_ENTRY: Duplicate entry '1-20180923-024' for key 'type'
[Sun Sep 23 2018 11:00:59] 休眠15秒后从开彩网采集开彩网重庆时时彩数据...
[Sun Sep 23 2018 11:00:59] 运行出错：ER_DUP_ENTRY: Duplicate entry '1-20180923-023' for key 'type'
[Sun Sep 23 2018 11:00:59] 休眠15秒后从开彩网采集开彩网重庆时时彩数据...
[Sun Sep 23 2018 11:00:59] 运行出错：ER_DUP_ENTRY: Duplicate entry '1-20180923-022' for key 'type'
[Sun Sep 23 2018 11:00:59] 休眠15秒后从开彩网采集开彩网重庆时时彩数据...
[Sun Sep 23 2018 11:00:59] 运行出错：ER_DUP_ENTRY: Duplicate entry '1-20180923-021' for key 'type'
[Sun Sep 23 2018 11:00:59] 休眠15秒后从开彩网采集开彩网重庆时时彩数据...
[Sun Sep 23 2018 11:00:59] 运行出错：ER_DUP_ENTRY: Duplicate entry '1-20180923-020' for key 'type'
[Sun Sep 23 2018 11:00:59] 休眠15秒后从开彩网采集开彩网重庆时时彩数据...
[Sun Sep 23 2018 11:00:59] 运行出错：ER_DUP_ENTRY: Duplicate entry '1-20180923-019' for key 'type'
[Sun Sep 23 2018 11:00:59] 休眠15秒后从开彩网采集开彩网重庆时时彩数据...
[Sun Sep 23 2018 11:00:59] 运行出错：ER_DUP_ENTRY: Duplicate entry '1-20180923-018' for key 'type'
[Sun Sep 23 2018 11:00:59] 休眠15秒后从开彩网采集开彩网重庆时时彩数据...
[Sun Sep 23 2018 11:00:59] 运行出错：ER_DUP_ENTRY: Duplicate entry '1-20180923-017' for key 'type'
[Sun Sep 23 2018 11:00:59] 休眠15秒后从开彩网采集开彩网重庆时时彩数据...
[Sun Sep 23 2018 11:00:59] 运行出错：ER_DUP_ENTRY: Duplicate entry '1-20180923-016' for key 'type'
[Sun Sep 23 2018 11:00:59] 休眠15秒后从开彩网采集开彩网重庆时时彩数据...
[Sun Sep 23 2018 11:00:59] 运行出错：ER_DUP_ENTRY: Duplicate entry '1-20180923-015' for key 'type'
[Sun Sep 23 2018 11:00:59] 休眠15秒后从开彩网采集开彩网重庆时时彩数据...
[Sun Sep 23 2018 11:00:59] 运行出错：ER_DUP_ENTRY: Duplicate entry '1-20180923-014' for key 'type'
[Sun Sep 23 2018 11:00:59] 休眠15秒后从开彩网采集开彩网重庆时时彩数据...
[Sun Sep 23 2018 11:00:59] 运行出错：ER_DUP_ENTRY: Duplicate entry '1-20180923-013' for key 'type'
[Sun Sep 23 2018 11:00:59] 休眠15秒后从开彩网采集开彩网重庆时时彩数据...
[Sun Sep 23 2018 11:00:59] 运行出错：ER_DUP_ENTRY: Duplicate entry '1-20180923-012' for key 'type'
[Sun Sep 23 2018 11:00:59] 休眠15秒后从开彩网采集开彩网重庆时时彩数据...
[Sun Sep 23 2018 11:00:59] 运行出错：ER_DUP_ENTRY: Duplicate entry '1-20180923-011' for key 'type'
[Sun Sep 23 2018 11:00:59] 休眠15秒后从开彩网采集开彩网重庆时时彩数据...
[Sun Sep 23 2018 11:00:59] 运行出错：ER_DUP_ENTRY: Duplicate entry '1-20180923-010' for key 'type'
[Sun Sep 23 2018 11:00:59] 休眠15秒后从开彩网采集开彩网重庆时时彩数据...
[Sun Sep 23 2018 11:00:59] 运行出错：ER_DUP_ENTRY: Duplicate entry '1-20180923-009' for key 'type'
[Sun Sep 23 2018 11:00:59] 休眠15秒后从开彩网采集开彩网重庆时时彩数据...
[Sun Sep 23 2018 11:00:59] 运行出错：ER_DUP_ENTRY: Duplicate entry '1-20180923-008' for key 'type'
[Sun Sep 23 2018 11:00:59] 休眠15秒后从开彩网采集开彩网重庆时时彩数据...
[Sun Sep 23 2018 11:00:59] 运行出错：ER_DUP_ENTRY: Duplicate entry '1-20180923-007' for key 'type'
[Sun Sep 23 2018 11:00:59] 休眠15秒后从开彩网采集开彩网重庆时时彩数据...
[Sun Sep 23 2018 11:00:59] 运行出错：ER_DUP_ENTRY: Duplicate entry '1-20180923-006' for key 'type'
[Sun Sep 23 2018 11:00:59] 休眠15秒后从开彩网采集开彩网重庆时时彩数据...
[Sun Sep 23 2018 11:00:59] 运行出错：ER_DUP_ENTRY: Duplicate entry '1-20180923-005' for key 'type'
[Sun Sep 23 2018 11:00:59] 休眠15秒后从开彩网采集开彩网重庆时时彩数据...
[Sun Sep 23 2018 11:00:59] 运行出错：ER_DUP_ENTRY: Duplicate entry '1-20180923-004' for key 'type'
[Sun Sep 23 2018 11:00:59] 休眠15秒后从开彩网采集开彩网重庆时时彩数据...
[Sun Sep 23 2018 11:00:59] 运行出错：ER_DUP_ENTRY: Duplicate entry '1-20180923-003' for key 'type'
[Sun Sep 23 2018 11:00:59] 休眠15秒后从开彩网采集开彩网重庆时时彩数据...
[Sun Sep 23 2018 11:00:59] 运行出错：ER_DUP_ENTRY: Duplicate entry '1-20180923-002' for key 'type'
[Sun Sep 23 2018 11:00:59] 休眠15秒后从开彩网采集开彩网重庆时时彩数据...
[Sun Sep 23 2018 11:00:59] 运行出错：ER_DUP_ENTRY: Duplicate entry '1-20180923-001' for key 'type'
[Sun Sep 23 2018 11:00:59] 休眠15秒后从开彩网采集开彩网重庆时时彩数据...
[Sun Sep 23 2018 11:01:01] [object Object]
[Sun Sep 23 2018 11:01:14] 开始从开彩网采集开彩网重庆时时彩数据
[Sun Sep 23 2018 11:01:14] +++++++++++++++++++++++++++++++++++++++++++++++++++++++++++++++++++++++++++
[Sun Sep 23 2018 11:01:14] 提交从开彩网采集的开彩网重庆时时彩第undefined数据：undefined
[Sun Sep 23 2018 11:01:14] +++++++++++++++++++++++++++++++++++++++++++++++++++++++++++++++++++++++++++
[Sun Sep 23 2018 11:01:14] 提交从开彩网采集的开彩网重庆时时彩第undefined数据：undefined
[Sun Sep 23 2018 11:01:14] +++++++++++++++++++++++++++++++++++++++++++++++++++++++++++++++++++++++++++
[Sun Sep 23 2018 11:01:14] 提交从开彩网采集的开彩网重庆时时彩第undefined数据：undefined
[Sun Sep 23 2018 11:01:14] +++++++++++++++++++++++++++++++++++++++++++++++++++++++++++++++++++++++++++
[Sun Sep 23 2018 11:01:14] 提交从开彩网采集的开彩网重庆时时彩第undefined数据：undefined
[Sun Sep 23 2018 11:01:14] +++++++++++++++++++++++++++++++++++++++++++++++++++++++++++++++++++++++++++
[Sun Sep 23 2018 11:01:14] 提交从开彩网采集的开彩网重庆时时彩第undefined数据：undefined
[Sun Sep 23 2018 11:01:14] +++++++++++++++++++++++++++++++++++++++++++++++++++++++++++++++++++++++++++
[Sun Sep 23 2018 11:01:14] 提交从开彩网采集的开彩网重庆时时彩第undefined数据：undefined
[Sun Sep 23 2018 11:01:14] +++++++++++++++++++++++++++++++++++++++++++++++++++++++++++++++++++++++++++
[Sun Sep 23 2018 11:01:14] 提交从开彩网采集的开彩网重庆时时彩第undefined数据：undefined
[Sun Sep 23 2018 11:01:14] +++++++++++++++++++++++++++++++++++++++++++++++++++++++++++++++++++++++++++
[Sun Sep 23 2018 11:01:14] 提交从开彩网采集的开彩网重庆时时彩第undefined数据：undefined
[Sun Sep 23 2018 11:01:14] +++++++++++++++++++++++++++++++++++++++++++++++++++++++++++++++++++++++++++
[Sun Sep 23 2018 11:01:14] 提交从开彩网采集的开彩网重庆时时彩第undefined数据：undefined
[Sun Sep 23 2018 11:01:14] +++++++++++++++++++++++++++++++++++++++++++++++++++++++++++++++++++++++++++
[Sun Sep 23 2018 11:01:14] 提交从开彩网采集的开彩网重庆时时彩第undefined数据：undefined
[Sun Sep 23 2018 11:01:14] +++++++++++++++++++++++++++++++++++++++++++++++++++++++++++++++++++++++++++
[Sun Sep 23 2018 11:01:14] 提交从开彩网采集的开彩网重庆时时彩第undefined数据：undefined
[Sun Sep 23 2018 11:01:14] +++++++++++++++++++++++++++++++++++++++++++++++++++++++++++++++++++++++++++
[Sun Sep 23 2018 11:01:14] 提交从开彩网采集的开彩网重庆时时彩第undefined数据：undefined
[Sun Sep 23 2018 11:01:14] +++++++++++++++++++++++++++++++++++++++++++++++++++++++++++++++++++++++++++
[Sun Sep 23 2018 11:01:14] 提交从开彩网采集的开彩网重庆时时彩第undefined数据：undefined
[Sun Sep 23 2018 11:01:14] +++++++++++++++++++++++++++++++++++++++++++++++++++++++++++++++++++++++++++
[Sun Sep 23 2018 11:01:14] 提交从开彩网采集的开彩网重庆时时彩第undefined数据：undefined
[Sun Sep 23 2018 11:01:14] +++++++++++++++++++++++++++++++++++++++++++++++++++++++++++++++++++++++++++
[Sun Sep 23 2018 11:01:14] 提交从开彩网采集的开彩网重庆时时彩第undefined数据：undefined
[Sun Sep 23 2018 11:01:14] +++++++++++++++++++++++++++++++++++++++++++++++++++++++++++++++++++++++++++
[Sun Sep 23 2018 11:01:14] 提交从开彩网采集的开彩网重庆时时彩第undefined数据：undefined
[Sun Sep 23 2018 11:01:14] +++++++++++++++++++++++++++++++++++++++++++++++++++++++++++++++++++++++++++
[Sun Sep 23 2018 11:01:14] 提交从开彩网采集的开彩网重庆时时彩第undefined数据：undefined
[Sun Sep 23 2018 11:01:14] +++++++++++++++++++++++++++++++++++++++++++++++++++++++++++++++++++++++++++
[Sun Sep 23 2018 11:01:14] 提交从开彩网采集的开彩网重庆时时彩第undefined数据：undefined
[Sun Sep 23 2018 11:01:14] +++++++++++++++++++++++++++++++++++++++++++++++++++++++++++++++++++++++++++
[Sun Sep 23 2018 11:01:14] 提交从开彩网采集的开彩网重庆时时彩第undefined数据：undefined
[Sun Sep 23 2018 11:01:14] +++++++++++++++++++++++++++++++++++++++++++++++++++++++++++++++++++++++++++
[Sun Sep 23 2018 11:01:14] 提交从开彩网采集的开彩网重庆时时彩第undefined数据：undefined
[Sun Sep 23 2018 11:01:14] +++++++++++++++++++++++++++++++++++++++++++++++++++++++++++++++++++++++++++
[Sun Sep 23 2018 11:01:14] 提交从开彩网采集的开彩网重庆时时彩第undefined数据：undefined
[Sun Sep 23 2018 11:01:14] +++++++++++++++++++++++++++++++++++++++++++++++++++++++++++++++++++++++++++
[Sun Sep 23 2018 11:01:14] 提交从开彩网采集的开彩网重庆时时彩第undefined数据：undefined
[Sun Sep 23 2018 11:01:14] +++++++++++++++++++++++++++++++++++++++++++++++++++++++++++++++++++++++++++
[Sun Sep 23 2018 11:01:14] 提交从开彩网采集的开彩网重庆时时彩第undefined数据：undefined
[Sun Sep 23 2018 11:01:14] +++++++++++++++++++++++++++++++++++++++++++++++++++++++++++++++++++++++++++
[Sun Sep 23 2018 11:01:14] 提交从开彩网采集的开彩网重庆时时彩第undefined数据：undefined
[Sun Sep 23 2018 11:01:14] +++++++++++++++++++++++++++++++++++++++++++++++++++++++++++++++++++++++++++
[Sun Sep 23 2018 11:01:14] 提交从开彩网采集的开彩网重庆时时彩第undefined数据：undefined
[Sun Sep 23 2018 11:01:14] +++++++++++++++++++++++++++++++++++++++++++++++++++++++++++++++++++++++++++
[Sun Sep 23 2018 11:01:14] 提交从开彩网采集的开彩网重庆时时彩第undefined数据：undefined
[Sun Sep 23 2018 11:01:14] +++++++++++++++++++++++++++++++++++++++++++++++++++++++++++++++++++++++++++
[Sun Sep 23 2018 11:01:14] 提交从开彩网采集的开彩网重庆时时彩第undefined数据：undefined
[Sun Sep 23 2018 11:01:14] +++++++++++++++++++++++++++++++++++++++++++++++++++++++++++++++++++++++++++
[Sun Sep 23 2018 11:01:14] 提交从开彩网采集的开彩网重庆时时彩第undefined数据：undefined
[Sun Sep 23 2018 11:01:14] +++++++++++++++++++++++++++++++++++++++++++++++++++++++++++++++++++++++++++
[Sun Sep 23 2018 11:01:14] 提交从开彩网采集的开彩网重庆时时彩第undefined数据：undefined
[Sun Sep 23 2018 11:01:14] +++++++++++++++++++++++++++++++++++++++++++++++++++++++++++++++++++++++++++
[Sun Sep 23 2018 11:01:14] 提交从开彩网采集的开彩网重庆时时彩第undefined数据：undefined
[Sun Sep 23 2018 11:01:14] 运行出错：ER_DUP_ENTRY: Duplicate entry '1-20180923-030' for key 'type'
[Sun Sep 23 2018 11:01:14] 休眠15秒后从开彩网采集开彩网重庆时时彩数据...
[Sun Sep 23 2018 11:01:14] 运行出错：ER_DUP_ENTRY: Duplicate entry '1-20180923-029' for key 'type'
[Sun Sep 23 2018 11:01:14] 休眠15秒后从开彩网采集开彩网重庆时时彩数据...
[Sun Sep 23 2018 11:01:14] 运行出错：ER_DUP_ENTRY: Duplicate entry '1-20180923-028' for key 'type'
[Sun Sep 23 2018 11:01:14] 休眠15秒后从开彩网采集开彩网重庆时时彩数据...
[Sun Sep 23 2018 11:01:14] 运行出错：ER_DUP_ENTRY: Duplicate entry '1-20180923-027' for key 'type'
[Sun Sep 23 2018 11:01:14] 休眠15秒后从开彩网采集开彩网重庆时时彩数据...
[Sun Sep 23 2018 11:01:14] 运行出错：ER_DUP_ENTRY: Duplicate entry '1-20180923-026' for key 'type'
[Sun Sep 23 2018 11:01:14] 休眠15秒后从开彩网采集开彩网重庆时时彩数据...
[Sun Sep 23 2018 11:01:14] 运行出错：ER_DUP_ENTRY: Duplicate entry '1-20180923-025' for key 'type'
[Sun Sep 23 2018 11:01:14] 休眠15秒后从开彩网采集开彩网重庆时时彩数据...
[Sun Sep 23 2018 11:01:14] 运行出错：ER_DUP_ENTRY: Duplicate entry '1-20180923-024' for key 'type'
[Sun Sep 23 2018 11:01:14] 休眠15秒后从开彩网采集开彩网重庆时时彩数据...
[Sun Sep 23 2018 11:01:14] 运行出错：ER_DUP_ENTRY: Duplicate entry '1-20180923-023' for key 'type'
[Sun Sep 23 2018 11:01:14] 休眠15秒后从开彩网采集开彩网重庆时时彩数据...
[Sun Sep 23 2018 11:01:14] 运行出错：ER_DUP_ENTRY: Duplicate entry '1-20180923-022' for key 'type'
[Sun Sep 23 2018 11:01:14] 休眠15秒后从开彩网采集开彩网重庆时时彩数据...
[Sun Sep 23 2018 11:01:14] 运行出错：ER_DUP_ENTRY: Duplicate entry '1-20180923-021' for key 'type'
[Sun Sep 23 2018 11:01:14] 休眠15秒后从开彩网采集开彩网重庆时时彩数据...
[Sun Sep 23 2018 11:01:14] 运行出错：ER_DUP_ENTRY: Duplicate entry '1-20180923-020' for key 'type'
[Sun Sep 23 2018 11:01:14] 休眠15秒后从开彩网采集开彩网重庆时时彩数据...
[Sun Sep 23 2018 11:01:14] 运行出错：ER_DUP_ENTRY: Duplicate entry '1-20180923-019' for key 'type'
[Sun Sep 23 2018 11:01:14] 休眠15秒后从开彩网采集开彩网重庆时时彩数据...
[Sun Sep 23 2018 11:01:14] 运行出错：ER_DUP_ENTRY: Duplicate entry '1-20180923-018' for key 'type'
[Sun Sep 23 2018 11:01:14] 休眠15秒后从开彩网采集开彩网重庆时时彩数据...
[Sun Sep 23 2018 11:01:14] 运行出错：ER_DUP_ENTRY: Duplicate entry '1-20180923-017' for key 'type'
[Sun Sep 23 2018 11:01:14] 休眠15秒后从开彩网采集开彩网重庆时时彩数据...
[Sun Sep 23 2018 11:01:14] 运行出错：ER_DUP_ENTRY: Duplicate entry '1-20180923-016' for key 'type'
[Sun Sep 23 2018 11:01:14] 休眠15秒后从开彩网采集开彩网重庆时时彩数据...
[Sun Sep 23 2018 11:01:14] 运行出错：ER_DUP_ENTRY: Duplicate entry '1-20180923-015' for key 'type'
[Sun Sep 23 2018 11:01:14] 休眠15秒后从开彩网采集开彩网重庆时时彩数据...
[Sun Sep 23 2018 11:01:14] 运行出错：ER_DUP_ENTRY: Duplicate entry '1-20180923-014' for key 'type'
[Sun Sep 23 2018 11:01:14] 休眠15秒后从开彩网采集开彩网重庆时时彩数据...
[Sun Sep 23 2018 11:01:14] 运行出错：ER_DUP_ENTRY: Duplicate entry '1-20180923-013' for key 'type'
[Sun Sep 23 2018 11:01:14] 休眠15秒后从开彩网采集开彩网重庆时时彩数据...
[Sun Sep 23 2018 11:01:14] 运行出错：ER_DUP_ENTRY: Duplicate entry '1-20180923-012' for key 'type'
[Sun Sep 23 2018 11:01:14] 休眠15秒后从开彩网采集开彩网重庆时时彩数据...
[Sun Sep 23 2018 11:01:14] 运行出错：ER_DUP_ENTRY: Duplicate entry '1-20180923-011' for key 'type'
[Sun Sep 23 2018 11:01:14] 休眠15秒后从开彩网采集开彩网重庆时时彩数据...
[Sun Sep 23 2018 11:01:14] 运行出错：ER_DUP_ENTRY: Duplicate entry '1-20180923-010' for key 'type'
[Sun Sep 23 2018 11:01:14] 休眠15秒后从开彩网采集开彩网重庆时时彩数据...
[Sun Sep 23 2018 11:01:14] 运行出错：ER_DUP_ENTRY: Duplicate entry '1-20180923-009' for key 'type'
[Sun Sep 23 2018 11:01:14] 休眠15秒后从开彩网采集开彩网重庆时时彩数据...
[Sun Sep 23 2018 11:01:14] 运行出错：ER_DUP_ENTRY: Duplicate entry '1-20180923-008' for key 'type'
[Sun Sep 23 2018 11:01:14] 休眠15秒后从开彩网采集开彩网重庆时时彩数据...
[Sun Sep 23 2018 11:01:14] 运行出错：ER_DUP_ENTRY: Duplicate entry '1-20180923-007' for key 'type'
[Sun Sep 23 2018 11:01:14] 休眠15秒后从开彩网采集开彩网重庆时时彩数据...
[Sun Sep 23 2018 11:01:14] 运行出错：ER_DUP_ENTRY: Duplicate entry '1-20180923-006' for key 'type'
[Sun Sep 23 2018 11:01:14] 休眠15秒后从开彩网采集开彩网重庆时时彩数据...
[Sun Sep 23 2018 11:01:14] 运行出错：ER_DUP_ENTRY: Duplicate entry '1-20180923-005' for key 'type'
[Sun Sep 23 2018 11:01:14] 休眠15秒后从开彩网采集开彩网重庆时时彩数据...
[Sun Sep 23 2018 11:01:14] 运行出错：ER_DUP_ENTRY: Duplicate entry '1-20180923-004' for key 'type'
[Sun Sep 23 2018 11:01:14] 休眠15秒后从开彩网采集开彩网重庆时时彩数据...
[Sun Sep 23 2018 11:01:15] 运行出错：ER_DUP_ENTRY: Duplicate entry '1-20180923-003' for key 'type'
[Sun Sep 23 2018 11:01:15] 休眠15秒后从开彩网采集开彩网重庆时时彩数据...
[Sun Sep 23 2018 11:01:15] 运行出错：ER_DUP_ENTRY: Duplicate entry '1-20180923-002' for key 'type'
[Sun Sep 23 2018 11:01:15] 休眠15秒后从开彩网采集开彩网重庆时时彩数据...
[Sun Sep 23 2018 11:01:15] 运行出错：ER_DUP_ENTRY: Duplicate entry '1-20180923-001' for key 'type'
[Sun Sep 23 2018 11:01:15] 休眠15秒后从开彩网采集开彩网重庆时时彩数据...
[Sun Sep 23 2018 11:01:16] [object Object]
[Sun Sep 23 2018 11:01:30] 开始从开彩网采集开彩网重庆时时彩数据
[Sun Sep 23 2018 11:01:30] +++++++++++++++++++++++++++++++++++++++++++++++++++++++++++++++++++++++++++
[Sun Sep 23 2018 11:01:30] 提交从开彩网采集的开彩网重庆时时彩第undefined数据：undefined
[Sun Sep 23 2018 11:01:30] +++++++++++++++++++++++++++++++++++++++++++++++++++++++++++++++++++++++++++
[Sun Sep 23 2018 11:01:30] 提交从开彩网采集的开彩网重庆时时彩第undefined数据：undefined
[Sun Sep 23 2018 11:01:30] +++++++++++++++++++++++++++++++++++++++++++++++++++++++++++++++++++++++++++
[Sun Sep 23 2018 11:01:30] 提交从开彩网采集的开彩网重庆时时彩第undefined数据：undefined
[Sun Sep 23 2018 11:01:30] +++++++++++++++++++++++++++++++++++++++++++++++++++++++++++++++++++++++++++
[Sun Sep 23 2018 11:01:30] 提交从开彩网采集的开彩网重庆时时彩第undefined数据：undefined
[Sun Sep 23 2018 11:01:30] +++++++++++++++++++++++++++++++++++++++++++++++++++++++++++++++++++++++++++
[Sun Sep 23 2018 11:01:30] 提交从开彩网采集的开彩网重庆时时彩第undefined数据：undefined
[Sun Sep 23 2018 11:01:30] +++++++++++++++++++++++++++++++++++++++++++++++++++++++++++++++++++++++++++
[Sun Sep 23 2018 11:01:30] 提交从开彩网采集的开彩网重庆时时彩第undefined数据：undefined
[Sun Sep 23 2018 11:01:30] +++++++++++++++++++++++++++++++++++++++++++++++++++++++++++++++++++++++++++
[Sun Sep 23 2018 11:01:30] 提交从开彩网采集的开彩网重庆时时彩第undefined数据：undefined
[Sun Sep 23 2018 11:01:30] +++++++++++++++++++++++++++++++++++++++++++++++++++++++++++++++++++++++++++
[Sun Sep 23 2018 11:01:30] 提交从开彩网采集的开彩网重庆时时彩第undefined数据：undefined
[Sun Sep 23 2018 11:01:30] +++++++++++++++++++++++++++++++++++++++++++++++++++++++++++++++++++++++++++
[Sun Sep 23 2018 11:01:30] 提交从开彩网采集的开彩网重庆时时彩第undefined数据：undefined
[Sun Sep 23 2018 11:01:30] +++++++++++++++++++++++++++++++++++++++++++++++++++++++++++++++++++++++++++
[Sun Sep 23 2018 11:01:30] 提交从开彩网采集的开彩网重庆时时彩第undefined数据：undefined
[Sun Sep 23 2018 11:01:30] +++++++++++++++++++++++++++++++++++++++++++++++++++++++++++++++++++++++++++
[Sun Sep 23 2018 11:01:30] 提交从开彩网采集的开彩网重庆时时彩第undefined数据：undefined
[Sun Sep 23 2018 11:01:30] +++++++++++++++++++++++++++++++++++++++++++++++++++++++++++++++++++++++++++
[Sun Sep 23 2018 11:01:30] 提交从开彩网采集的开彩网重庆时时彩第undefined数据：undefined
[Sun Sep 23 2018 11:01:30] +++++++++++++++++++++++++++++++++++++++++++++++++++++++++++++++++++++++++++
[Sun Sep 23 2018 11:01:30] 提交从开彩网采集的开彩网重庆时时彩第undefined数据：undefined
[Sun Sep 23 2018 11:01:30] +++++++++++++++++++++++++++++++++++++++++++++++++++++++++++++++++++++++++++
[Sun Sep 23 2018 11:01:30] 提交从开彩网采集的开彩网重庆时时彩第undefined数据：undefined
[Sun Sep 23 2018 11:01:30] +++++++++++++++++++++++++++++++++++++++++++++++++++++++++++++++++++++++++++
[Sun Sep 23 2018 11:01:30] 提交从开彩网采集的开彩网重庆时时彩第undefined数据：undefined
[Sun Sep 23 2018 11:01:30] +++++++++++++++++++++++++++++++++++++++++++++++++++++++++++++++++++++++++++
[Sun Sep 23 2018 11:01:30] 提交从开彩网采集的开彩网重庆时时彩第undefined数据：undefined
[Sun Sep 23 2018 11:01:30] +++++++++++++++++++++++++++++++++++++++++++++++++++++++++++++++++++++++++++
[Sun Sep 23 2018 11:01:30] 提交从开彩网采集的开彩网重庆时时彩第undefined数据：undefined
[Sun Sep 23 2018 11:01:30] +++++++++++++++++++++++++++++++++++++++++++++++++++++++++++++++++++++++++++
[Sun Sep 23 2018 11:01:30] 提交从开彩网采集的开彩网重庆时时彩第undefined数据：undefined
[Sun Sep 23 2018 11:01:30] +++++++++++++++++++++++++++++++++++++++++++++++++++++++++++++++++++++++++++
[Sun Sep 23 2018 11:01:30] 提交从开彩网采集的开彩网重庆时时彩第undefined数据：undefined
[Sun Sep 23 2018 11:01:30] +++++++++++++++++++++++++++++++++++++++++++++++++++++++++++++++++++++++++++
[Sun Sep 23 2018 11:01:30] 提交从开彩网采集的开彩网重庆时时彩第undefined数据：undefined
[Sun Sep 23 2018 11:01:30] +++++++++++++++++++++++++++++++++++++++++++++++++++++++++++++++++++++++++++
[Sun Sep 23 2018 11:01:30] 提交从开彩网采集的开彩网重庆时时彩第undefined数据：undefined
[Sun Sep 23 2018 11:01:30] +++++++++++++++++++++++++++++++++++++++++++++++++++++++++++++++++++++++++++
[Sun Sep 23 2018 11:01:30] 提交从开彩网采集的开彩网重庆时时彩第undefined数据：undefined
[Sun Sep 23 2018 11:01:30] +++++++++++++++++++++++++++++++++++++++++++++++++++++++++++++++++++++++++++
[Sun Sep 23 2018 11:01:30] 提交从开彩网采集的开彩网重庆时时彩第undefined数据：undefined
[Sun Sep 23 2018 11:01:30] +++++++++++++++++++++++++++++++++++++++++++++++++++++++++++++++++++++++++++
[Sun Sep 23 2018 11:01:30] 提交从开彩网采集的开彩网重庆时时彩第undefined数据：undefined
[Sun Sep 23 2018 11:01:30] +++++++++++++++++++++++++++++++++++++++++++++++++++++++++++++++++++++++++++
[Sun Sep 23 2018 11:01:30] 提交从开彩网采集的开彩网重庆时时彩第undefined数据：undefined
[Sun Sep 23 2018 11:01:30] +++++++++++++++++++++++++++++++++++++++++++++++++++++++++++++++++++++++++++
[Sun Sep 23 2018 11:01:30] 提交从开彩网采集的开彩网重庆时时彩第undefined数据：undefined
[Sun Sep 23 2018 11:01:30] +++++++++++++++++++++++++++++++++++++++++++++++++++++++++++++++++++++++++++
[Sun Sep 23 2018 11:01:30] 提交从开彩网采集的开彩网重庆时时彩第undefined数据：undefined
[Sun Sep 23 2018 11:01:30] +++++++++++++++++++++++++++++++++++++++++++++++++++++++++++++++++++++++++++
[Sun Sep 23 2018 11:01:30] 提交从开彩网采集的开彩网重庆时时彩第undefined数据：undefined
[Sun Sep 23 2018 11:01:30] +++++++++++++++++++++++++++++++++++++++++++++++++++++++++++++++++++++++++++
[Sun Sep 23 2018 11:01:30] 提交从开彩网采集的开彩网重庆时时彩第undefined数据：undefined
[Sun Sep 23 2018 11:01:30] +++++++++++++++++++++++++++++++++++++++++++++++++++++++++++++++++++++++++++
[Sun Sep 23 2018 11:01:30] 提交从开彩网采集的开彩网重庆时时彩第undefined数据：undefined
[Sun Sep 23 2018 11:01:30] 运行出错：ER_DUP_ENTRY: Duplicate entry '1-20180923-030' for key 'type'
[Sun Sep 23 2018 11:01:30] 休眠15秒后从开彩网采集开彩网重庆时时彩数据...
[Sun Sep 23 2018 11:01:30] 运行出错：ER_DUP_ENTRY: Duplicate entry '1-20180923-029' for key 'type'
[Sun Sep 23 2018 11:01:30] 休眠15秒后从开彩网采集开彩网重庆时时彩数据...
[Sun Sep 23 2018 11:01:30] 运行出错：ER_DUP_ENTRY: Duplicate entry '1-20180923-028' for key 'type'
[Sun Sep 23 2018 11:01:30] 休眠15秒后从开彩网采集开彩网重庆时时彩数据...
[Sun Sep 23 2018 11:01:30] 运行出错：ER_DUP_ENTRY: Duplicate entry '1-20180923-027' for key 'type'
[Sun Sep 23 2018 11:01:30] 休眠15秒后从开彩网采集开彩网重庆时时彩数据...
[Sun Sep 23 2018 11:01:30] 运行出错：ER_DUP_ENTRY: Duplicate entry '1-20180923-026' for key 'type'
[Sun Sep 23 2018 11:01:30] 休眠15秒后从开彩网采集开彩网重庆时时彩数据...
[Sun Sep 23 2018 11:01:30] 运行出错：ER_DUP_ENTRY: Duplicate entry '1-20180923-025' for key 'type'
[Sun Sep 23 2018 11:01:30] 休眠15秒后从开彩网采集开彩网重庆时时彩数据...
[Sun Sep 23 2018 11:01:30] 运行出错：ER_DUP_ENTRY: Duplicate entry '1-20180923-024' for key 'type'
[Sun Sep 23 2018 11:01:30] 休眠15秒后从开彩网采集开彩网重庆时时彩数据...
[Sun Sep 23 2018 11:01:30] 运行出错：ER_DUP_ENTRY: Duplicate entry '1-20180923-023' for key 'type'
[Sun Sep 23 2018 11:01:30] 休眠15秒后从开彩网采集开彩网重庆时时彩数据...
[Sun Sep 23 2018 11:01:30] 运行出错：ER_DUP_ENTRY: Duplicate entry '1-20180923-022' for key 'type'
[Sun Sep 23 2018 11:01:30] 休眠15秒后从开彩网采集开彩网重庆时时彩数据...
[Sun Sep 23 2018 11:01:30] 运行出错：ER_DUP_ENTRY: Duplicate entry '1-20180923-021' for key 'type'
[Sun Sep 23 2018 11:01:30] 休眠15秒后从开彩网采集开彩网重庆时时彩数据...
[Sun Sep 23 2018 11:01:30] 运行出错：ER_DUP_ENTRY: Duplicate entry '1-20180923-020' for key 'type'
[Sun Sep 23 2018 11:01:30] 休眠15秒后从开彩网采集开彩网重庆时时彩数据...
[Sun Sep 23 2018 11:01:30] 运行出错：ER_DUP_ENTRY: Duplicate entry '1-20180923-019' for key 'type'
[Sun Sep 23 2018 11:01:30] 休眠15秒后从开彩网采集开彩网重庆时时彩数据...
[Sun Sep 23 2018 11:01:30] 运行出错：ER_DUP_ENTRY: Duplicate entry '1-20180923-018' for key 'type'
[Sun Sep 23 2018 11:01:30] 休眠15秒后从开彩网采集开彩网重庆时时彩数据...
[Sun Sep 23 2018 11:01:30] 运行出错：ER_DUP_ENTRY: Duplicate entry '1-20180923-017' for key 'type'
[Sun Sep 23 2018 11:01:30] 休眠15秒后从开彩网采集开彩网重庆时时彩数据...
[Sun Sep 23 2018 11:01:30] 运行出错：ER_DUP_ENTRY: Duplicate entry '1-20180923-016' for key 'type'
[Sun Sep 23 2018 11:01:30] 休眠15秒后从开彩网采集开彩网重庆时时彩数据...
[Sun Sep 23 2018 11:01:30] 运行出错：ER_DUP_ENTRY: Duplicate entry '1-20180923-015' for key 'type'
[Sun Sep 23 2018 11:01:30] 休眠15秒后从开彩网采集开彩网重庆时时彩数据...
[Sun Sep 23 2018 11:01:30] 运行出错：ER_DUP_ENTRY: Duplicate entry '1-20180923-014' for key 'type'
[Sun Sep 23 2018 11:01:30] 休眠15秒后从开彩网采集开彩网重庆时时彩数据...
[Sun Sep 23 2018 11:01:30] 运行出错：ER_DUP_ENTRY: Duplicate entry '1-20180923-013' for key 'type'
[Sun Sep 23 2018 11:01:30] 休眠15秒后从开彩网采集开彩网重庆时时彩数据...
[Sun Sep 23 2018 11:01:30] 运行出错：ER_DUP_ENTRY: Duplicate entry '1-20180923-012' for key 'type'
[Sun Sep 23 2018 11:01:30] 休眠15秒后从开彩网采集开彩网重庆时时彩数据...
[Sun Sep 23 2018 11:01:30] 运行出错：ER_DUP_ENTRY: Duplicate entry '1-20180923-011' for key 'type'
[Sun Sep 23 2018 11:01:30] 休眠15秒后从开彩网采集开彩网重庆时时彩数据...
[Sun Sep 23 2018 11:01:30] 运行出错：ER_DUP_ENTRY: Duplicate entry '1-20180923-010' for key 'type'
[Sun Sep 23 2018 11:01:30] 休眠15秒后从开彩网采集开彩网重庆时时彩数据...
[Sun Sep 23 2018 11:01:30] 运行出错：ER_DUP_ENTRY: Duplicate entry '1-20180923-009' for key 'type'
[Sun Sep 23 2018 11:01:30] 休眠15秒后从开彩网采集开彩网重庆时时彩数据...
[Sun Sep 23 2018 11:01:30] 运行出错：ER_DUP_ENTRY: Duplicate entry '1-20180923-008' for key 'type'
[Sun Sep 23 2018 11:01:30] 休眠15秒后从开彩网采集开彩网重庆时时彩数据...
[Sun Sep 23 2018 11:01:30] 运行出错：ER_DUP_ENTRY: Duplicate entry '1-20180923-007' for key 'type'
[Sun Sep 23 2018 11:01:30] 休眠15秒后从开彩网采集开彩网重庆时时彩数据...
[Sun Sep 23 2018 11:01:30] 运行出错：ER_DUP_ENTRY: Duplicate entry '1-20180923-006' for key 'type'
[Sun Sep 23 2018 11:01:30] 休眠15秒后从开彩网采集开彩网重庆时时彩数据...
[Sun Sep 23 2018 11:01:30] 运行出错：ER_DUP_ENTRY: Duplicate entry '1-20180923-005' for key 'type'
[Sun Sep 23 2018 11:01:30] 休眠15秒后从开彩网采集开彩网重庆时时彩数据...
[Sun Sep 23 2018 11:01:30] 运行出错：ER_DUP_ENTRY: Duplicate entry '1-20180923-004' for key 'type'
[Sun Sep 23 2018 11:01:30] 休眠15秒后从开彩网采集开彩网重庆时时彩数据...
[Sun Sep 23 2018 11:01:30] 运行出错：ER_DUP_ENTRY: Duplicate entry '1-20180923-003' for key 'type'
[Sun Sep 23 2018 11:01:30] 休眠15秒后从开彩网采集开彩网重庆时时彩数据...
[Sun Sep 23 2018 11:01:30] 运行出错：ER_DUP_ENTRY: Duplicate entry '1-20180923-002' for key 'type'
[Sun Sep 23 2018 11:01:30] 休眠15秒后从开彩网采集开彩网重庆时时彩数据...
[Sun Sep 23 2018 11:01:30] 运行出错：ER_DUP_ENTRY: Duplicate entry '1-20180923-001' for key 'type'
[Sun Sep 23 2018 11:01:30] 休眠15秒后从开彩网采集开彩网重庆时时彩数据...
[Sun Sep 23 2018 11:01:32] [object Object]
[Sun Sep 23 2018 11:01:45] 开始从开彩网采集开彩网重庆时时彩数据
[Sun Sep 23 2018 11:01:45] +++++++++++++++++++++++++++++++++++++++++++++++++++++++++++++++++++++++++++
[Sun Sep 23 2018 11:01:45] 提交从开彩网采集的开彩网重庆时时彩第undefined数据：undefined
[Sun Sep 23 2018 11:01:45] +++++++++++++++++++++++++++++++++++++++++++++++++++++++++++++++++++++++++++
[Sun Sep 23 2018 11:01:45] 提交从开彩网采集的开彩网重庆时时彩第undefined数据：undefined
[Sun Sep 23 2018 11:01:45] +++++++++++++++++++++++++++++++++++++++++++++++++++++++++++++++++++++++++++
[Sun Sep 23 2018 11:01:45] 提交从开彩网采集的开彩网重庆时时彩第undefined数据：undefined
[Sun Sep 23 2018 11:01:45] +++++++++++++++++++++++++++++++++++++++++++++++++++++++++++++++++++++++++++
[Sun Sep 23 2018 11:01:45] 提交从开彩网采集的开彩网重庆时时彩第undefined数据：undefined
[Sun Sep 23 2018 11:01:45] +++++++++++++++++++++++++++++++++++++++++++++++++++++++++++++++++++++++++++
[Sun Sep 23 2018 11:01:45] 提交从开彩网采集的开彩网重庆时时彩第undefined数据：undefined
[Sun Sep 23 2018 11:01:45] +++++++++++++++++++++++++++++++++++++++++++++++++++++++++++++++++++++++++++
[Sun Sep 23 2018 11:01:45] 提交从开彩网采集的开彩网重庆时时彩第undefined数据：undefined
[Sun Sep 23 2018 11:01:45] +++++++++++++++++++++++++++++++++++++++++++++++++++++++++++++++++++++++++++
[Sun Sep 23 2018 11:01:45] 提交从开彩网采集的开彩网重庆时时彩第undefined数据：undefined
[Sun Sep 23 2018 11:01:45] +++++++++++++++++++++++++++++++++++++++++++++++++++++++++++++++++++++++++++
[Sun Sep 23 2018 11:01:45] 提交从开彩网采集的开彩网重庆时时彩第undefined数据：undefined
[Sun Sep 23 2018 11:01:45] +++++++++++++++++++++++++++++++++++++++++++++++++++++++++++++++++++++++++++
[Sun Sep 23 2018 11:01:45] 提交从开彩网采集的开彩网重庆时时彩第undefined数据：undefined
[Sun Sep 23 2018 11:01:45] +++++++++++++++++++++++++++++++++++++++++++++++++++++++++++++++++++++++++++
[Sun Sep 23 2018 11:01:45] 提交从开彩网采集的开彩网重庆时时彩第undefined数据：undefined
[Sun Sep 23 2018 11:01:45] +++++++++++++++++++++++++++++++++++++++++++++++++++++++++++++++++++++++++++
[Sun Sep 23 2018 11:01:45] 提交从开彩网采集的开彩网重庆时时彩第undefined数据：undefined
[Sun Sep 23 2018 11:01:45] +++++++++++++++++++++++++++++++++++++++++++++++++++++++++++++++++++++++++++
[Sun Sep 23 2018 11:01:45] 提交从开彩网采集的开彩网重庆时时彩第undefined数据：undefined
[Sun Sep 23 2018 11:01:45] +++++++++++++++++++++++++++++++++++++++++++++++++++++++++++++++++++++++++++
[Sun Sep 23 2018 11:01:45] 提交从开彩网采集的开彩网重庆时时彩第undefined数据：undefined
[Sun Sep 23 2018 11:01:45] +++++++++++++++++++++++++++++++++++++++++++++++++++++++++++++++++++++++++++
[Sun Sep 23 2018 11:01:45] 提交从开彩网采集的开彩网重庆时时彩第undefined数据：undefined
[Sun Sep 23 2018 11:01:45] +++++++++++++++++++++++++++++++++++++++++++++++++++++++++++++++++++++++++++
[Sun Sep 23 2018 11:01:45] 提交从开彩网采集的开彩网重庆时时彩第undefined数据：undefined
[Sun Sep 23 2018 11:01:45] +++++++++++++++++++++++++++++++++++++++++++++++++++++++++++++++++++++++++++
[Sun Sep 23 2018 11:01:45] 提交从开彩网采集的开彩网重庆时时彩第undefined数据：undefined
[Sun Sep 23 2018 11:01:45] +++++++++++++++++++++++++++++++++++++++++++++++++++++++++++++++++++++++++++
[Sun Sep 23 2018 11:01:45] 提交从开彩网采集的开彩网重庆时时彩第undefined数据：undefined
[Sun Sep 23 2018 11:01:45] +++++++++++++++++++++++++++++++++++++++++++++++++++++++++++++++++++++++++++
[Sun Sep 23 2018 11:01:45] 提交从开彩网采集的开彩网重庆时时彩第undefined数据：undefined
[Sun Sep 23 2018 11:01:45] +++++++++++++++++++++++++++++++++++++++++++++++++++++++++++++++++++++++++++
[Sun Sep 23 2018 11:01:45] 提交从开彩网采集的开彩网重庆时时彩第undefined数据：undefined
[Sun Sep 23 2018 11:01:45] +++++++++++++++++++++++++++++++++++++++++++++++++++++++++++++++++++++++++++
[Sun Sep 23 2018 11:01:45] 提交从开彩网采集的开彩网重庆时时彩第undefined数据：undefined
[Sun Sep 23 2018 11:01:45] +++++++++++++++++++++++++++++++++++++++++++++++++++++++++++++++++++++++++++
[Sun Sep 23 2018 11:01:45] 提交从开彩网采集的开彩网重庆时时彩第undefined数据：undefined
[Sun Sep 23 2018 11:01:45] +++++++++++++++++++++++++++++++++++++++++++++++++++++++++++++++++++++++++++
[Sun Sep 23 2018 11:01:45] 提交从开彩网采集的开彩网重庆时时彩第undefined数据：undefined
[Sun Sep 23 2018 11:01:45] +++++++++++++++++++++++++++++++++++++++++++++++++++++++++++++++++++++++++++
[Sun Sep 23 2018 11:01:45] 提交从开彩网采集的开彩网重庆时时彩第undefined数据：undefined
[Sun Sep 23 2018 11:01:45] +++++++++++++++++++++++++++++++++++++++++++++++++++++++++++++++++++++++++++
[Sun Sep 23 2018 11:01:45] 提交从开彩网采集的开彩网重庆时时彩第undefined数据：undefined
[Sun Sep 23 2018 11:01:45] +++++++++++++++++++++++++++++++++++++++++++++++++++++++++++++++++++++++++++
[Sun Sep 23 2018 11:01:45] 提交从开彩网采集的开彩网重庆时时彩第undefined数据：undefined
[Sun Sep 23 2018 11:01:45] +++++++++++++++++++++++++++++++++++++++++++++++++++++++++++++++++++++++++++
[Sun Sep 23 2018 11:01:45] 提交从开彩网采集的开彩网重庆时时彩第undefined数据：undefined
[Sun Sep 23 2018 11:01:45] +++++++++++++++++++++++++++++++++++++++++++++++++++++++++++++++++++++++++++
[Sun Sep 23 2018 11:01:45] 提交从开彩网采集的开彩网重庆时时彩第undefined数据：undefined
[Sun Sep 23 2018 11:01:45] +++++++++++++++++++++++++++++++++++++++++++++++++++++++++++++++++++++++++++
[Sun Sep 23 2018 11:01:45] 提交从开彩网采集的开彩网重庆时时彩第undefined数据：undefined
[Sun Sep 23 2018 11:01:45] +++++++++++++++++++++++++++++++++++++++++++++++++++++++++++++++++++++++++++
[Sun Sep 23 2018 11:01:45] 提交从开彩网采集的开彩网重庆时时彩第undefined数据：undefined
[Sun Sep 23 2018 11:01:45] +++++++++++++++++++++++++++++++++++++++++++++++++++++++++++++++++++++++++++
[Sun Sep 23 2018 11:01:45] 提交从开彩网采集的开彩网重庆时时彩第undefined数据：undefined
[Sun Sep 23 2018 11:01:46] 运行出错：ER_DUP_ENTRY: Duplicate entry '1-20180923-030' for key 'type'
[Sun Sep 23 2018 11:01:46] 休眠15秒后从开彩网采集开彩网重庆时时彩数据...
[Sun Sep 23 2018 11:01:46] 运行出错：ER_DUP_ENTRY: Duplicate entry '1-20180923-029' for key 'type'
[Sun Sep 23 2018 11:01:46] 休眠15秒后从开彩网采集开彩网重庆时时彩数据...
[Sun Sep 23 2018 11:01:46] 运行出错：ER_DUP_ENTRY: Duplicate entry '1-20180923-028' for key 'type'
[Sun Sep 23 2018 11:01:46] 休眠15秒后从开彩网采集开彩网重庆时时彩数据...
[Sun Sep 23 2018 11:01:46] 运行出错：ER_DUP_ENTRY: Duplicate entry '1-20180923-027' for key 'type'
[Sun Sep 23 2018 11:01:46] 休眠15秒后从开彩网采集开彩网重庆时时彩数据...
[Sun Sep 23 2018 11:01:46] 运行出错：ER_DUP_ENTRY: Duplicate entry '1-20180923-026' for key 'type'
[Sun Sep 23 2018 11:01:46] 休眠15秒后从开彩网采集开彩网重庆时时彩数据...
[Sun Sep 23 2018 11:01:46] 运行出错：ER_DUP_ENTRY: Duplicate entry '1-20180923-025' for key 'type'
[Sun Sep 23 2018 11:01:46] 休眠15秒后从开彩网采集开彩网重庆时时彩数据...
[Sun Sep 23 2018 11:01:46] 运行出错：ER_DUP_ENTRY: Duplicate entry '1-20180923-024' for key 'type'
[Sun Sep 23 2018 11:01:46] 休眠15秒后从开彩网采集开彩网重庆时时彩数据...
[Sun Sep 23 2018 11:01:46] 运行出错：ER_DUP_ENTRY: Duplicate entry '1-20180923-023' for key 'type'
[Sun Sep 23 2018 11:01:46] 休眠15秒后从开彩网采集开彩网重庆时时彩数据...
[Sun Sep 23 2018 11:01:46] 运行出错：ER_DUP_ENTRY: Duplicate entry '1-20180923-022' for key 'type'
[Sun Sep 23 2018 11:01:46] 休眠15秒后从开彩网采集开彩网重庆时时彩数据...
[Sun Sep 23 2018 11:01:46] 运行出错：ER_DUP_ENTRY: Duplicate entry '1-20180923-021' for key 'type'
[Sun Sep 23 2018 11:01:46] 休眠15秒后从开彩网采集开彩网重庆时时彩数据...
[Sun Sep 23 2018 11:01:46] 运行出错：ER_DUP_ENTRY: Duplicate entry '1-20180923-020' for key 'type'
[Sun Sep 23 2018 11:01:46] 休眠15秒后从开彩网采集开彩网重庆时时彩数据...
[Sun Sep 23 2018 11:01:46] 运行出错：ER_DUP_ENTRY: Duplicate entry '1-20180923-019' for key 'type'
[Sun Sep 23 2018 11:01:46] 休眠15秒后从开彩网采集开彩网重庆时时彩数据...
[Sun Sep 23 2018 11:01:46] 运行出错：ER_DUP_ENTRY: Duplicate entry '1-20180923-018' for key 'type'
[Sun Sep 23 2018 11:01:46] 休眠15秒后从开彩网采集开彩网重庆时时彩数据...
[Sun Sep 23 2018 11:01:46] 运行出错：ER_DUP_ENTRY: Duplicate entry '1-20180923-017' for key 'type'
[Sun Sep 23 2018 11:01:46] 休眠15秒后从开彩网采集开彩网重庆时时彩数据...
[Sun Sep 23 2018 11:01:46] 运行出错：ER_DUP_ENTRY: Duplicate entry '1-20180923-016' for key 'type'
[Sun Sep 23 2018 11:01:46] 休眠15秒后从开彩网采集开彩网重庆时时彩数据...
[Sun Sep 23 2018 11:01:46] 运行出错：ER_DUP_ENTRY: Duplicate entry '1-20180923-015' for key 'type'
[Sun Sep 23 2018 11:01:46] 休眠15秒后从开彩网采集开彩网重庆时时彩数据...
[Sun Sep 23 2018 11:01:46] 运行出错：ER_DUP_ENTRY: Duplicate entry '1-20180923-014' for key 'type'
[Sun Sep 23 2018 11:01:46] 休眠15秒后从开彩网采集开彩网重庆时时彩数据...
[Sun Sep 23 2018 11:01:46] 运行出错：ER_DUP_ENTRY: Duplicate entry '1-20180923-013' for key 'type'
[Sun Sep 23 2018 11:01:46] 休眠15秒后从开彩网采集开彩网重庆时时彩数据...
[Sun Sep 23 2018 11:01:46] 运行出错：ER_DUP_ENTRY: Duplicate entry '1-20180923-012' for key 'type'
[Sun Sep 23 2018 11:01:46] 休眠15秒后从开彩网采集开彩网重庆时时彩数据...
[Sun Sep 23 2018 11:01:46] 运行出错：ER_DUP_ENTRY: Duplicate entry '1-20180923-011' for key 'type'
[Sun Sep 23 2018 11:01:46] 休眠15秒后从开彩网采集开彩网重庆时时彩数据...
[Sun Sep 23 2018 11:01:46] 运行出错：ER_DUP_ENTRY: Duplicate entry '1-20180923-010' for key 'type'
[Sun Sep 23 2018 11:01:46] 休眠15秒后从开彩网采集开彩网重庆时时彩数据...
[Sun Sep 23 2018 11:01:46] 运行出错：ER_DUP_ENTRY: Duplicate entry '1-20180923-009' for key 'type'
[Sun Sep 23 2018 11:01:46] 休眠15秒后从开彩网采集开彩网重庆时时彩数据...
[Sun Sep 23 2018 11:01:46] 运行出错：ER_DUP_ENTRY: Duplicate entry '1-20180923-008' for key 'type'
[Sun Sep 23 2018 11:01:46] 休眠15秒后从开彩网采集开彩网重庆时时彩数据...
[Sun Sep 23 2018 11:01:46] 运行出错：ER_DUP_ENTRY: Duplicate entry '1-20180923-007' for key 'type'
[Sun Sep 23 2018 11:01:46] 休眠15秒后从开彩网采集开彩网重庆时时彩数据...
[Sun Sep 23 2018 11:01:46] 运行出错：ER_DUP_ENTRY: Duplicate entry '1-20180923-006' for key 'type'
[Sun Sep 23 2018 11:01:46] 休眠15秒后从开彩网采集开彩网重庆时时彩数据...
[Sun Sep 23 2018 11:01:46] 运行出错：ER_DUP_ENTRY: Duplicate entry '1-20180923-005' for key 'type'
[Sun Sep 23 2018 11:01:46] 休眠15秒后从开彩网采集开彩网重庆时时彩数据...
[Sun Sep 23 2018 11:01:46] 运行出错：ER_DUP_ENTRY: Duplicate entry '1-20180923-004' for key 'type'
[Sun Sep 23 2018 11:01:46] 休眠15秒后从开彩网采集开彩网重庆时时彩数据...
[Sun Sep 23 2018 11:01:46] 运行出错：ER_DUP_ENTRY: Duplicate entry '1-20180923-003' for key 'type'
[Sun Sep 23 2018 11:01:46] 休眠15秒后从开彩网采集开彩网重庆时时彩数据...
[Sun Sep 23 2018 11:01:46] 运行出错：ER_DUP_ENTRY: Duplicate entry '1-20180923-002' for key 'type'
[Sun Sep 23 2018 11:01:46] 休眠15秒后从开彩网采集开彩网重庆时时彩数据...
[Sun Sep 23 2018 11:01:46] 运行出错：ER_DUP_ENTRY: Duplicate entry '1-20180923-001' for key 'type'
[Sun Sep 23 2018 11:01:46] 休眠15秒后从开彩网采集开彩网重庆时时彩数据...
